nohup: ignoring input
collecting 40000 energy-pump arrival states...
arrivals: mean|th1|=439.42 mean|w1|=2.49 mean|w2|=3.17
warm-started from policy_uu.pt
critic warmup 0  vloss   360.30
critic warmup 1  vloss   348.70
critic warmup 2  vloss   327.36
critic warmup 3  vloss   322.64
critic warmup 4  vloss   331.27
iter   0  avg_reward   173.50  eps 790  uu +0.53  ud +nan  du +nan  dd +nan  std 0.080  loss 160.1121
iter   1  avg_reward   187.78  eps 732  uu +0.56  ud +nan  du +nan  dd +nan  std 0.080  loss 170.9945
iter   2  avg_reward   197.73  eps 711  uu +0.57  ud +nan  du +nan  dd +nan  std 0.080  loss 170.5185
iter   3  avg_reward   194.28  eps 727  uu +0.55  ud +nan  du +nan  dd +nan  std 0.080  loss 165.2593
iter   4  avg_reward   192.76  eps 725  uu +0.59  ud +nan  du +nan  dd +nan  std 0.080  loss 170.2236
iter   5  avg_reward   194.18  eps 727  uu +0.56  ud +nan  du +nan  dd +nan  std 0.080  loss 172.8648
iter   6  avg_reward   174.95  eps 804  uu +0.53  ud +nan  du +nan  dd +nan  std 0.080  loss 155.5308
iter   7  avg_reward   183.55  eps 731  uu +0.56  ud +nan  du +nan  dd +nan  std 0.080  loss 178.0884
iter   8  avg_reward   211.63  eps 681  uu +0.57  ud +nan  du +nan  dd +nan  std 0.080  loss 169.2151
iter   9  avg_reward   177.79  eps 749  uu +0.55  ud +nan  du +nan  dd +nan  std 0.080  loss 158.9146
iter  10  avg_reward   214.26  eps 698  uu +0.59  ud +nan  du +nan  dd +nan  std 0.079  loss 171.4234
iter  11  avg_reward   197.24  eps 742  uu +0.55  ud +nan  du +nan  dd +nan  std 0.079  loss 162.8424
iter  12  avg_reward   173.23  eps 749  uu +0.52  ud +nan  du +nan  dd +nan  std 0.079  loss 160.9104
iter  13  avg_reward   210.12  eps 674  uu +0.61  ud +nan  du +nan  dd +nan  std 0.079  loss 176.2934
iter  14  avg_reward   194.32  eps 735  uu +0.55  ud +nan  du +nan  dd +nan  std 0.079  loss 157.2508
iter  15  avg_reward   182.97  eps 766  uu +0.56  ud +nan  du +nan  dd +nan  std 0.079  loss 156.0925
iter  16  avg_reward   187.54  eps 738  uu +0.55  ud +nan  du +nan  dd +nan  std 0.079  loss 154.0087
iter  17  avg_reward   186.85  eps 725  uu +0.56  ud +nan  du +nan  dd +nan  std 0.079  loss 156.2207
iter  18  avg_reward   188.07  eps 767  uu +0.56  ud +nan  du +nan  dd +nan  std 0.079  loss 159.1017
iter  19  avg_reward   171.22  eps 765  uu +0.54  ud +nan  du +nan  dd +nan  std 0.079  loss 151.7366
iter  20  avg_reward   185.86  eps 764  uu +0.57  ud +nan  du +nan  dd +nan  std 0.079  loss 155.2028
iter  21  avg_reward   180.40  eps 767  uu +0.54  ud +nan  du +nan  dd +nan  std 0.079  loss 152.4464
iter  22  avg_reward   184.91  eps 737  uu +0.56  ud +nan  du +nan  dd +nan  std 0.079  loss 159.6097
iter  23  avg_reward   216.83  eps 688  uu +0.58  ud +nan  du +nan  dd +nan  std 0.079  loss 167.6525
iter  24  avg_reward   190.41  eps 735  uu +0.56  ud +nan  du +nan  dd +nan  std 0.079  loss 157.1954
iter  25  avg_reward   212.94  eps 695  uu +0.62  ud +nan  du +nan  dd +nan  std 0.079  loss 170.5966
iter  26  avg_reward   199.32  eps 714  uu +0.57  ud +nan  du +nan  dd +nan  std 0.078  loss 155.3176
iter  27  avg_reward   182.84  eps 763  uu +0.53  ud +nan  du +nan  dd +nan  std 0.078  loss 150.3854
iter  28  avg_reward   185.02  eps 749  uu +0.53  ud +nan  du +nan  dd +nan  std 0.078  loss 157.4969
iter  29  avg_reward   162.58  eps 791  uu +0.49  ud +nan  du +nan  dd +nan  std 0.078  loss 152.3403
iter  30  avg_reward   183.25  eps 748  uu +0.56  ud +nan  du +nan  dd +nan  std 0.078  loss 157.2482
iter  31  avg_reward   179.76  eps 752  uu +0.55  ud +nan  du +nan  dd +nan  std 0.078  loss 153.3664
iter  32  avg_reward   179.89  eps 768  uu +0.50  ud +nan  du +nan  dd +nan  std 0.078  loss 146.3723
iter  33  avg_reward   161.88  eps 778  uu +0.50  ud +nan  du +nan  dd +nan  std 0.078  loss 143.5348
iter  34  avg_reward   181.94  eps 759  uu +0.55  ud +nan  du +nan  dd +nan  std 0.078  loss 158.9878
iter  35  avg_reward   163.85  eps 791  uu +0.52  ud +nan  du +nan  dd +nan  std 0.078  loss 139.8982
iter  36  avg_reward   193.84  eps 752  uu +0.56  ud +nan  du +nan  dd +nan  std 0.078  loss 151.5497
iter  37  avg_reward   183.43  eps 750  uu +0.56  ud +nan  du +nan  dd +nan  std 0.078  loss 154.3607
iter  38  avg_reward   189.45  eps 724  uu +0.56  ud +nan  du +nan  dd +nan  std 0.078  loss 156.5501
iter  39  avg_reward   205.80  eps 709  uu +0.58  ud +nan  du +nan  dd +nan  std 0.078  loss 153.1842
iter  40  avg_reward   185.28  eps 733  uu +0.56  ud +nan  du +nan  dd +nan  std 0.078  loss 159.6445
iter  41  avg_reward   196.73  eps 743  uu +0.56  ud +nan  du +nan  dd +nan  std 0.078  loss 153.1903
iter  42  avg_reward   190.12  eps 715  uu +0.57  ud +nan  du +nan  dd +nan  std 0.078  loss 156.6082
iter  43  avg_reward   201.57  eps 740  uu +0.56  ud +nan  du +nan  dd +nan  std 0.078  loss 154.2017
iter  44  avg_reward   202.79  eps 703  uu +0.58  ud +nan  du +nan  dd +nan  std 0.078  loss 155.8796
iter  45  avg_reward   192.79  eps 709  uu +0.59  ud +nan  du +nan  dd +nan  std 0.078  loss 153.6159
iter  46  avg_reward   184.40  eps 766  uu +0.55  ud +nan  du +nan  dd +nan  std 0.078  loss 145.7868
iter  47  avg_reward   196.66  eps 702  uu +0.57  ud +nan  du +nan  dd +nan  std 0.078  loss 152.5944
iter  48  avg_reward   209.87  eps 710  uu +0.56  ud +nan  du +nan  dd +nan  std 0.078  loss 155.5468
iter  49  avg_reward   183.69  eps 765  uu +0.56  ud +nan  du +nan  dd +nan  std 0.078  loss 146.8404
iter  50  avg_reward   175.66  eps 753  uu +0.54  ud +nan  du +nan  dd +nan  std 0.078  loss 145.8907
iter  51  avg_reward   177.81  eps 776  uu +0.52  ud +nan  du +nan  dd +nan  std 0.078  loss 147.6472
iter  52  avg_reward   209.82  eps 691  uu +0.60  ud +nan  du +nan  dd +nan  std 0.078  loss 147.9873
iter  53  avg_reward   181.59  eps 780  uu +0.54  ud +nan  du +nan  dd +nan  std 0.078  loss 143.6527
iter  54  avg_reward   180.81  eps 742  uu +0.56  ud +nan  du +nan  dd +nan  std 0.078  loss 145.1180
iter  55  avg_reward   171.39  eps 749  uu +0.56  ud +nan  du +nan  dd +nan  std 0.078  loss 145.4802
iter  56  avg_reward   222.01  eps 686  uu +0.59  ud +nan  du +nan  dd +nan  std 0.078  loss 155.1633
iter  57  avg_reward   200.51  eps 720  uu +0.56  ud +nan  du +nan  dd +nan  std 0.078  loss 149.8508
iter  58  avg_reward   191.97  eps 741  uu +0.55  ud +nan  du +nan  dd +nan  std 0.078  loss 141.9738
iter  59  avg_reward   190.12  eps 727  uu +0.56  ud +nan  du +nan  dd +nan  std 0.078  loss 154.4163
iter  60  avg_reward   179.93  eps 761  uu +0.54  ud +nan  du +nan  dd +nan  std 0.077  loss 143.0982
iter  61  avg_reward   180.46  eps 737  uu +0.56  ud +nan  du +nan  dd +nan  std 0.077  loss 154.5205
iter  62  avg_reward   209.02  eps 704  uu +0.58  ud +nan  du +nan  dd +nan  std 0.077  loss 147.1233
iter  63  avg_reward   197.92  eps 698  uu +0.55  ud +nan  du +nan  dd +nan  std 0.077  loss 141.6049
iter  64  avg_reward   171.93  eps 784  uu +0.51  ud +nan  du +nan  dd +nan  std 0.077  loss 137.5443
iter  65  avg_reward   172.33  eps 778  uu +0.53  ud +nan  du +nan  dd +nan  std 0.077  loss 145.6317
iter  66  avg_reward   183.15  eps 749  uu +0.57  ud +nan  du +nan  dd +nan  std 0.077  loss 147.5865
iter  67  avg_reward   212.31  eps 702  uu +0.58  ud +nan  du +nan  dd +nan  std 0.077  loss 145.5150
iter  68  avg_reward   187.18  eps 737  uu +0.56  ud +nan  du +nan  dd +nan  std 0.077  loss 142.4584
iter  69  avg_reward   193.87  eps 729  uu +0.57  ud +nan  du +nan  dd +nan  std 0.077  loss 149.7951
iter  70  avg_reward   178.43  eps 770  uu +0.53  ud +nan  du +nan  dd +nan  std 0.077  loss 139.1866
iter  71  avg_reward   184.09  eps 740  uu +0.56  ud +nan  du +nan  dd +nan  std 0.077  loss 144.5057
iter  72  avg_reward   184.28  eps 743  uu +0.54  ud +nan  du +nan  dd +nan  std 0.077  loss 149.0227
iter  73  avg_reward   187.22  eps 748  uu +0.56  ud +nan  du +nan  dd +nan  std 0.077  loss 140.9334
iter  74  avg_reward   197.48  eps 731  uu +0.57  ud +nan  du +nan  dd +nan  std 0.077  loss 139.5261
iter  75  avg_reward   172.76  eps 769  uu +0.54  ud +nan  du +nan  dd +nan  std 0.077  loss 144.1935
iter  76  avg_reward   187.95  eps 720  uu +0.56  ud +nan  du +nan  dd +nan  std 0.077  loss 146.8659
iter  77  avg_reward   195.91  eps 765  uu +0.57  ud +nan  du +nan  dd +nan  std 0.077  loss 144.1617
iter  78  avg_reward   187.32  eps 729  uu +0.55  ud +nan  du +nan  dd +nan  std 0.077  loss 142.7080
iter  79  avg_reward   183.33  eps 768  uu +0.55  ud +nan  du +nan  dd +nan  std 0.077  loss 137.3740
iter  80  avg_reward   176.96  eps 737  uu +0.55  ud +nan  du +nan  dd +nan  std 0.077  loss 140.3332
iter  81  avg_reward   192.86  eps 740  uu +0.57  ud +nan  du +nan  dd +nan  std 0.077  loss 144.6651
iter  82  avg_reward   180.72  eps 747  uu +0.52  ud +nan  du +nan  dd +nan  std 0.077  loss 135.4348
iter  83  avg_reward   175.76  eps 784  uu +0.55  ud +nan  du +nan  dd +nan  std 0.077  loss 140.0736
iter  84  avg_reward   199.04  eps 718  uu +0.57  ud +nan  du +nan  dd +nan  std 0.077  loss 149.5492
iter  85  avg_reward   174.97  eps 804  uu +0.55  ud +nan  du +nan  dd +nan  std 0.077  loss 134.9775
iter  86  avg_reward   200.72  eps 700  uu +0.57  ud +nan  du +nan  dd +nan  std 0.077  loss 144.9971
iter  87  avg_reward   206.83  eps 697  uu +0.59  ud +nan  du +nan  dd +nan  std 0.077  loss 146.1138
iter  88  avg_reward   202.18  eps 697  uu +0.59  ud +nan  du +nan  dd +nan  std 0.077  loss 153.8866
iter  89  avg_reward   179.61  eps 772  uu +0.54  ud +nan  du +nan  dd +nan  std 0.077  loss 136.1240
iter  90  avg_reward   213.64  eps 691  uu +0.58  ud +nan  du +nan  dd +nan  std 0.077  loss 144.0367
iter  91  avg_reward   173.36  eps 767  uu +0.55  ud +nan  du +nan  dd +nan  std 0.077  loss 142.5781
iter  92  avg_reward   200.11  eps 731  uu +0.54  ud +nan  du +nan  dd +nan  std 0.077  loss 131.6233
iter  93  avg_reward   190.20  eps 723  uu +0.56  ud +nan  du +nan  dd +nan  std 0.076  loss 136.4764
iter  94  avg_reward   186.31  eps 728  uu +0.57  ud +nan  du +nan  dd +nan  std 0.076  loss 143.1595
iter  95  avg_reward   196.03  eps 715  uu +0.54  ud +nan  du +nan  dd +nan  std 0.076  loss 134.0745
iter  96  avg_reward   215.70  eps 690  uu +0.60  ud +nan  du +nan  dd +nan  std 0.076  loss 144.1218
iter  97  avg_reward   186.35  eps 775  uu +0.57  ud +nan  du +nan  dd +nan  std 0.076  loss 141.8732
iter  98  avg_reward   165.56  eps 784  uu +0.53  ud +nan  du +nan  dd +nan  std 0.076  loss 131.8832
iter  99  avg_reward   186.49  eps 750  uu +0.55  ud +nan  du +nan  dd +nan  std 0.076  loss 133.7992
iter 100  avg_reward   189.88  eps 727  uu +0.56  ud +nan  du +nan  dd +nan  std 0.076  loss 134.0705
iter 101  avg_reward   188.89  eps 729  uu +0.54  ud +nan  du +nan  dd +nan  std 0.076  loss 134.5722
iter 102  avg_reward   214.25  eps 666  uu +0.60  ud +nan  du +nan  dd +nan  std 0.076  loss 146.0838
iter 103  avg_reward   206.01  eps 732  uu +0.59  ud +nan  du +nan  dd +nan  std 0.076  loss 133.5667
iter 104  avg_reward   170.37  eps 782  uu +0.56  ud +nan  du +nan  dd +nan  std 0.076  loss 134.4114
iter 105  avg_reward   189.14  eps 763  uu +0.53  ud +nan  du +nan  dd +nan  std 0.076  loss 132.3988
iter 106  avg_reward   187.62  eps 717  uu +0.58  ud +nan  du +nan  dd +nan  std 0.076  loss 145.0548
iter 107  avg_reward   217.98  eps 698  uu +0.60  ud +nan  du +nan  dd +nan  std 0.076  loss 135.2703
iter 108  avg_reward   203.70  eps 687  uu +0.59  ud +nan  du +nan  dd +nan  std 0.076  loss 149.0332
iter 109  avg_reward   196.18  eps 730  uu +0.55  ud +nan  du +nan  dd +nan  std 0.076  loss 134.9465
iter 110  avg_reward   160.34  eps 813  uu +0.48  ud +nan  du +nan  dd +nan  std 0.076  loss 127.5842
iter 111  avg_reward   181.07  eps 744  uu +0.53  ud +nan  du +nan  dd +nan  std 0.076  loss 127.1963
iter 112  avg_reward   185.13  eps 736  uu +0.55  ud +nan  du +nan  dd +nan  std 0.076  loss 136.1138
iter 113  avg_reward   184.55  eps 766  uu +0.55  ud +nan  du +nan  dd +nan  std 0.076  loss 135.0638
iter 114  avg_reward   195.88  eps 682  uu +0.57  ud +nan  du +nan  dd +nan  std 0.076  loss 137.5638
iter 115  avg_reward   195.47  eps 743  uu +0.54  ud +nan  du +nan  dd +nan  std 0.076  loss 131.4007
iter 116  avg_reward   190.79  eps 727  uu +0.57  ud +nan  du +nan  dd +nan  std 0.076  loss 134.8006
iter 117  avg_reward   188.14  eps 745  uu +0.53  ud +nan  du +nan  dd +nan  std 0.076  loss 134.3236
iter 118  avg_reward   175.98  eps 770  uu +0.55  ud +nan  du +nan  dd +nan  std 0.076  loss 136.4596
iter 119  avg_reward   202.90  eps 719  uu +0.57  ud +nan  du +nan  dd +nan  std 0.076  loss 141.0070
iter 120  avg_reward   210.44  eps 679  uu +0.58  ud +nan  du +nan  dd +nan  std 0.076  loss 139.5323
iter 121  avg_reward   181.37  eps 756  uu +0.54  ud +nan  du +nan  dd +nan  std 0.076  loss 133.3093
iter 122  avg_reward   209.51  eps 690  uu +0.58  ud +nan  du +nan  dd +nan  std 0.076  loss 138.6468
iter 123  avg_reward   200.47  eps 690  uu +0.59  ud +nan  du +nan  dd +nan  std 0.076  loss 142.1574
iter 124  avg_reward   192.58  eps 748  uu +0.55  ud +nan  du +nan  dd +nan  std 0.076  loss 131.3573
iter 125  avg_reward   189.45  eps 721  uu +0.57  ud +nan  du +nan  dd +nan  std 0.076  loss 139.6637
iter 126  avg_reward   179.72  eps 769  uu +0.54  ud +nan  du +nan  dd +nan  std 0.076  loss 128.5198
iter 127  avg_reward   171.52  eps 802  uu +0.56  ud +nan  du +nan  dd +nan  std 0.076  loss 126.5762
iter 128  avg_reward   188.26  eps 711  uu +0.55  ud +nan  du +nan  dd +nan  std 0.076  loss 137.3415
iter 129  avg_reward   196.81  eps 754  uu +0.56  ud +nan  du +nan  dd +nan  std 0.076  loss 128.7100
iter 130  avg_reward   190.79  eps 729  uu +0.57  ud +nan  du +nan  dd +nan  std 0.076  loss 132.5222
iter 131  avg_reward   177.35  eps 769  uu +0.57  ud +nan  du +nan  dd +nan  std 0.076  loss 133.9087
iter 132  avg_reward   206.18  eps 720  uu +0.59  ud +nan  du +nan  dd +nan  std 0.076  loss 132.7131
iter 133  avg_reward   180.00  eps 750  uu +0.53  ud +nan  du +nan  dd +nan  std 0.076  loss 136.4256
iter 134  avg_reward   209.66  eps 702  uu +0.59  ud +nan  du +nan  dd +nan  std 0.076  loss 133.4998
iter 135  avg_reward   196.80  eps 714  uu +0.56  ud +nan  du +nan  dd +nan  std 0.076  loss 137.2378
iter 136  avg_reward   192.26  eps 717  uu +0.54  ud +nan  du +nan  dd +nan  std 0.076  loss 129.5686
iter 137  avg_reward   182.60  eps 771  uu +0.57  ud +nan  du +nan  dd +nan  std 0.076  loss 132.2547
