nohup: ignoring input
warm-started from policy_uu.pt
iter    0  avg_reward  2313.05  eps  74  uu +0.99  frontier 0.07/6.28  buffer   1153  std 0.300
iter    1  avg_reward  2367.13  eps  72  uu +1.00  frontier 0.07/6.28  buffer   2305  std 0.300
iter    2  avg_reward  2278.96  eps  75  uu +0.99  frontier 0.07/6.28  buffer   3457  std 0.299
iter    3  avg_reward  2514.59  eps 121  uu +1.00  frontier 0.07/6.28  buffer   5527  std 0.298
iter    4  avg_reward  2279.65  eps  89  uu +0.99  frontier 0.10/6.28  buffer   6895  std 0.298
iter    5  avg_reward  2284.22  eps  76  uu +1.00  frontier 0.10/6.28  buffer   8065  std 0.298
iter    6  avg_reward  2367.66  eps  72  uu +0.99  frontier 0.10/6.28  buffer   9217  std 0.298
iter    7  avg_reward  2481.55  eps 123  uu +0.99  frontier 0.10/6.28  buffer  11287  std 0.298
iter    8  avg_reward  2454.06  eps  81  uu +1.00  frontier 0.13/6.28  buffer  12637  std 0.298
iter    9  avg_reward  2345.58  eps  75  uu +0.99  frontier 0.13/6.28  buffer  13825  std 0.298
iter   10  avg_reward  2369.97  eps  92  uu +1.00  frontier 0.13/6.28  buffer  15301  std 0.298
iter   11  avg_reward  2591.63  eps 107  uu +1.00  frontier 0.13/6.28  buffer  17191  std 0.297
iter   12  avg_reward  2249.58  eps  81  uu +0.99  frontier 0.13/6.28  buffer  18415  std 0.295
iter   13  avg_reward  2396.97  eps  72  uu +1.00  frontier 0.13/6.28  buffer  19585  std 0.295
iter   14  avg_reward  2491.24  eps  97  uu +0.99  frontier 3.32/6.28  buffer  21241  std 0.294
iter   15  avg_reward  2448.97  eps 103  uu +0.99  frontier 3.32/6.28  buffer  22951  std 0.294
iter   16  avg_reward  2501.92  eps  73  uu +1.00  frontier 3.32/6.28  buffer  24193  std 0.293
iter   17  avg_reward  2605.00  eps  76  uu +1.00  frontier 3.32/6.28  buffer  25543  std 0.292
iter   18  avg_reward  2474.19  eps 104  uu +1.00  frontier 3.32/6.28  buffer  27289  std 0.292
iter   19  avg_reward  2495.72  eps  87  uu +1.00  frontier 3.32/6.28  buffer  28765  std 0.291
iter   20  avg_reward  2319.87  eps  77  uu +0.99  frontier 3.32/6.28  buffer  29971  std 0.290
iter   21  avg_reward  2434.49  eps  86  uu +0.99  frontier 3.32/6.28  buffer  31393  std 0.289
iter   22  avg_reward  2444.93  eps 105  uu +1.00  frontier 3.32/6.28  buffer  33139  std 0.288
iter   23  avg_reward  2542.85  eps  81  uu +1.00  frontier 3.32/6.28  buffer  34543  std 0.288
iter   24  avg_reward  2470.74  eps  76  uu +1.00  frontier 3.32/6.28  buffer  35821  std 0.288
iter   25  avg_reward  2401.36  eps  95  uu +0.99  frontier 3.32/6.28  buffer  37369  std 0.288
iter   26  avg_reward  2454.51  eps  95  uu +0.99  frontier 3.32/6.28  buffer  38953  std 0.287
iter   27  avg_reward  2328.68  eps  87  uu +0.99  frontier 3.32/6.28  buffer  40321  std 0.287
iter   28  avg_reward  2420.75  eps  80  uu +1.00  frontier 3.32/6.28  buffer  41635  std 0.287
iter   29  avg_reward  2555.76  eps  95  uu +1.00  frontier 3.32/6.28  buffer  43291  std 0.286
iter   30  avg_reward  2416.25  eps  90  uu +0.99  frontier 3.32/6.28  buffer  44767  std 0.286
iter   31  avg_reward  2370.99  eps  82  uu +0.99  frontier 3.32/6.28  buffer  46081  std 0.285
iter   32  avg_reward  2465.68  eps  86  uu +1.00  frontier 3.32/6.28  buffer  47539  std 0.285
iter   33  avg_reward  2577.96  eps  92  uu +1.00  frontier 3.32/6.28  buffer  49159  std 0.284
iter   34  avg_reward  2459.02  eps  85  uu +0.99  frontier 3.32/6.28  buffer  50000  std 0.284
iter   35  avg_reward  2567.56  eps  73  uu +1.00  frontier 3.32/6.28  buffer  50000  std 0.284
iter   36  avg_reward  2504.86  eps  96  uu +1.00  frontier 3.32/6.28  buffer  50000  std 0.283
iter   37  avg_reward  2468.20  eps  90  uu +1.00  frontier 3.32/6.28  buffer  50000  std 0.284
iter   38  avg_reward  2321.03  eps  87  uu +0.99  frontier 3.32/6.28  buffer  50000  std 0.284
iter   39  avg_reward  2542.41  eps  80  uu +1.00  frontier 3.32/6.28  buffer  50000  std 0.284
iter   40  avg_reward  2604.22  eps  91  uu +1.00  frontier 3.32/6.28  buffer  50000  std 0.284
iter   41  avg_reward  2461.81  eps  87  uu +1.00  frontier 3.32/6.28  buffer  50000  std 0.283
iter   42  avg_reward  2477.47  eps  80  uu +1.00  frontier 3.32/6.28  buffer  50000  std 0.282
iter   43  avg_reward  2545.69  eps  87  uu +1.00  frontier 3.32/6.28  buffer  50000  std 0.281
iter   44  avg_reward  2630.40  eps  87  uu +1.00  frontier 3.32/6.28  buffer  50000  std 0.281
iter   45  avg_reward  2540.78  eps  83  uu +1.00  frontier 3.32/6.28  buffer  50000  std 0.281
iter   46  avg_reward  2334.19  eps  83  uu +0.99  frontier 3.32/6.28  buffer  50000  std 0.281
iter   47  avg_reward  2467.56  eps  91  uu +0.99  frontier 3.32/6.28  buffer  50000  std 0.280
iter   48  avg_reward  2374.09  eps  95  uu +0.99  frontier 3.12/6.28  buffer  50000  std 0.279
iter   49  avg_reward  2378.06  eps  88  uu +1.00  frontier 3.12/6.28  buffer  50000  std 0.279
iter   50  avg_reward  2424.59  eps  84  uu +1.00  frontier 3.12/6.28  buffer  50000  std 0.279
iter   51  avg_reward  2490.02  eps  89  uu +1.00  frontier 3.12/6.28  buffer  50000  std 0.279
iter   52  avg_reward  2497.07  eps  92  uu +1.00  frontier 3.12/6.28  buffer  50000  std 0.278
iter   53  avg_reward  2427.33  eps  84  uu +0.99  frontier 3.12/6.28  buffer  50000  std 0.278
iter   54  avg_reward  2478.13  eps  81  uu +0.99  frontier 3.12/6.28  buffer  50000  std 0.278
iter   55  avg_reward  2549.80  eps  91  uu +1.00  frontier 3.12/6.28  buffer  50000  std 0.279
iter   56  avg_reward  2487.91  eps  87  uu +0.99  frontier 3.12/6.28  buffer  50000  std 0.278
iter   57  avg_reward  2403.32  eps  84  uu +0.99  frontier 3.12/6.28  buffer  50000  std 0.278
iter   58  avg_reward  2485.45  eps  86  uu +1.00  frontier 3.12/6.28  buffer  50000  std 0.277
iter   59  avg_reward  2517.40  eps  88  uu +1.00  frontier 3.12/6.28  buffer  50000  std 0.277
iter   60  avg_reward  2538.95  eps  83  uu +1.00  frontier 3.12/6.28  buffer  50000  std 0.277
iter   61  avg_reward  2571.11  eps  81  uu +1.00  frontier 6.03/6.28  buffer  50000  std 0.276
iter   62  avg_reward  2467.99  eps  92  uu +1.00  frontier 6.03/6.28  buffer  50000  std 0.276
iter   63  avg_reward  2455.32  eps  86  uu +1.00  frontier 6.03/6.28  buffer  50000  std 0.275
iter   64  avg_reward  2461.10  eps  88  uu +1.00  frontier 6.03/6.28  buffer  50000  std 0.275
iter   65  avg_reward  2373.21  eps  87  uu +0.99  frontier 6.03/6.28  buffer  50000  std 0.275
iter   66  avg_reward  2425.05  eps  95  uu +0.99  frontier 6.03/6.28  buffer  50000  std 0.274
iter   67  avg_reward  2446.22  eps  82  uu +0.99  frontier 6.03/6.28  buffer  50000  std 0.274
iter   68  avg_reward  2511.59  eps  86  uu +1.00  frontier 6.03/6.28  buffer  50000  std 0.274
iter   69  avg_reward  2489.67  eps  88  uu +1.00  frontier 6.03/6.28  buffer  50000  std 0.274
iter   70  avg_reward  2413.32  eps  93  uu +1.00  frontier 6.03/6.28  buffer  50000  std 0.274
iter   71  avg_reward  2502.49  eps  78  uu +0.99  frontier 6.03/6.28  buffer  50000  std 0.274
iter   72  avg_reward  2450.92  eps  83  uu +0.99  frontier 6.03/6.28  buffer  50000  std 0.272
iter   73  avg_reward  2450.40  eps  98  uu +1.00  frontier 6.03/6.28  buffer  50000  std 0.272
iter   74  avg_reward  2481.67  eps  86  uu +0.99  frontier 6.03/6.28  buffer  50000  std 0.272
iter   75  avg_reward  2536.94  eps  81  uu +1.00  frontier 6.03/6.28  buffer  50000  std 0.271
iter   76  avg_reward  2536.89  eps  82  uu +1.00  frontier 6.03/6.28  buffer  50000  std 0.271
iter   77  avg_reward  2425.73  eps  96  uu +0.99  frontier 6.03/6.28  buffer  50000  std 0.270
iter   78  avg_reward  2443.65  eps  83  uu +0.99  frontier 6.03/6.28  buffer  50000  std 0.270
iter   79  avg_reward  2455.50  eps  87  uu +1.00  frontier 6.03/6.28  buffer  50000  std 0.270
iter   80  avg_reward  2443.96  eps  85  uu +0.99  frontier 6.03/6.28  buffer  50000  std 0.270
iter   81  avg_reward  2493.18  eps  92  uu +0.99  frontier 6.03/6.28  buffer  50000  std 0.270
iter   82  avg_reward  2512.33  eps  83  uu +0.99  frontier 6.03/6.28  buffer  50000  std 0.270
iter   83  avg_reward  2395.93  eps  86  uu +0.99  frontier 6.03/6.28  buffer  50000  std 0.269
iter   84  avg_reward  2515.25  eps  91  uu +1.00  frontier 6.03/6.28  buffer  50000  std 0.269
iter   85  avg_reward  2464.90  eps  87  uu +0.99  frontier 6.03/6.28  buffer  50000  std 0.269
iter   86  avg_reward  2563.62  eps  81  uu +1.00  frontier 6.03/6.28  buffer  50000  std 0.269
iter   87  avg_reward  2500.44  eps  83  uu +1.00  frontier 6.03/6.28  buffer  50000  std 0.268
iter   88  avg_reward  2541.87  eps  89  uu +1.00  frontier 6.03/6.28  buffer  50000  std 0.268
iter   89  avg_reward  2391.38  eps  89  uu +1.00  frontier 6.03/6.28  buffer  50000  std 0.268
iter   90  avg_reward  2535.28  eps  81  uu +0.99  frontier 6.03/6.28  buffer  50000  std 0.268
iter   91  avg_reward  2483.28  eps  89  uu +0.99  frontier 6.03/6.28  buffer  50000  std 0.267
iter   92  avg_reward  2457.70  eps  89  uu +0.99  frontier 6.03/6.28  buffer  50000  std 0.267
iter   93  avg_reward  2469.24  eps  82  uu +1.00  frontier 6.03/6.28  buffer  50000  std 0.267
iter   94  avg_reward  2469.24  eps  87  uu +0.99  frontier 6.03/6.28  buffer  50000  std 0.266
iter   95  avg_reward  2482.51  eps  89  uu +1.00  frontier 5.73/6.28  buffer  50000  std 0.266
iter   96  avg_reward  2499.84  eps  82  uu +1.00  frontier 5.73/6.28  buffer  50000  std 0.265
iter   97  avg_reward  2480.55  eps  88  uu +1.00  frontier 5.73/6.28  buffer  50000  std 0.265
iter   98  avg_reward  2525.23  eps  87  uu +1.00  frontier 5.73/6.28  buffer  50000  std 0.264
iter   99  avg_reward  2470.43  eps  89  uu +1.00  frontier 5.73/6.28  buffer  50000  std 0.264
iter  100  avg_reward  2436.56  eps  83  uu +1.00  frontier 5.73/6.28  buffer  50000  std 0.263
iter  101  avg_reward  2448.04  eps  86  uu +1.00  frontier 5.73/6.28  buffer  50000  std 0.262
iter  102  avg_reward  2464.68  eps  89  uu +0.99  frontier 5.73/6.28  buffer  50000  std 0.262
iter  103  avg_reward  2445.99  eps  89  uu +1.00  frontier 5.73/6.28  buffer  50000  std 0.262
iter  104  avg_reward  2501.35  eps  84  uu +1.00  frontier 5.73/6.28  buffer  50000  std 0.261
iter  105  avg_reward  2561.39  eps  84  uu +1.00  frontier 5.73/6.28  buffer  50000  std 0.261
iter  106  avg_reward  2561.80  eps  86  uu +1.00  frontier 5.73/6.28  buffer  50000  std 0.260
iter  107  avg_reward  2401.95  eps  89  uu +0.99  frontier 5.73/6.28  buffer  50000  std 0.260
iter  108  avg_reward  2497.14  eps  82  uu +1.00  frontier 5.73/6.28  buffer  50000  std 0.258
iter  109  avg_reward  2551.66  eps  86  uu +1.00  frontier 5.73/6.28  buffer  50000  std 0.258
iter  110  avg_reward  2477.93  eps  87  uu +1.00  frontier 5.73/6.28  buffer  50000  std 0.258
iter  111  avg_reward  2500.92  eps  82  uu +1.00  frontier 5.73/6.28  buffer  50000  std 0.258
iter  112  avg_reward  2535.15  eps  84  uu +1.00  frontier 5.73/6.28  buffer  50000  std 0.258
iter  113  avg_reward  2591.66  eps  86  uu +1.00  frontier 5.73/6.28  buffer  50000  std 0.259
iter  114  avg_reward  2429.94  eps  90  uu +0.99  frontier 5.73/6.28  buffer  50000  std 0.259
iter  115  avg_reward  2501.23  eps  83  uu +1.00  frontier 5.73/6.28  buffer  50000  std 0.258
iter  116  avg_reward  2533.80  eps  86  uu +1.00  frontier 1.02/6.28  buffer  50000  std 0.258
iter  117  avg_reward  2507.70  eps  87  uu +1.00  frontier 1.02/6.28  buffer  50000  std 0.258
iter  118  avg_reward  2502.62  eps  82  uu +0.99  frontier 1.02/6.28  buffer  50000  std 0.258
iter  119  avg_reward  2559.34  eps  82  uu +1.00  frontier 1.02/6.28  buffer  50000  std 0.259
iter  120  avg_reward  2591.92  eps  88  uu +1.00  frontier 1.02/6.28  buffer  50000  std 0.259
iter  121  avg_reward  2337.90  eps  90  uu +0.99  frontier 1.02/6.28  buffer  50000  std 0.259
iter  122  avg_reward  2368.63  eps  87  uu +0.99  frontier 1.02/6.28  buffer  50000  std 0.259
iter  123  avg_reward  2504.32  eps  84  uu +1.00  frontier 1.02/6.28  buffer  50000  std 0.259
iter  124  avg_reward  2462.12  eps  91  uu +1.00  frontier 1.02/6.28  buffer  50000  std 0.259
iter  125  avg_reward  2505.35  eps  88  uu +1.00  frontier 1.02/6.28  buffer  50000  std 0.258
iter  126  avg_reward  2476.66  eps  83  uu +0.99  frontier 1.02/6.28  buffer  50000  std 0.257
iter  127  avg_reward  2477.93  eps  87  uu +0.99  frontier 1.02/6.28  buffer  50000  std 0.257
iter  128  avg_reward  2459.70  eps  90  uu +0.99  frontier 1.02/6.28  buffer  50000  std 0.256
iter  129  avg_reward  2404.11  eps  84  uu +0.99  frontier 1.09/6.28  buffer  50000  std 0.257
iter  130  avg_reward  2481.75  eps  88  uu +1.00  frontier 1.09/6.28  buffer  50000  std 0.257
iter  131  avg_reward  2479.41  eps  84  uu +0.99  frontier 1.09/6.28  buffer  50000  std 0.257
iter  132  avg_reward  2508.38  eps  89  uu +1.00  frontier 1.09/6.28  buffer  50000  std 0.257
iter  133  avg_reward  2506.47  eps  87  uu +1.00  frontier 1.09/6.28  buffer  50000  std 0.257
iter  134  avg_reward  2475.39  eps  82  uu +1.00  frontier 1.09/6.28  buffer  50000  std 0.257
iter  135  avg_reward  2539.97  eps  88  uu +0.99  frontier 1.09/6.28  buffer  50000  std 0.257
iter  136  avg_reward  2370.43  eps  89  uu +0.99  frontier 1.09/6.28  buffer  50000  std 0.256
iter  137  avg_reward  2554.24  eps  84  uu +1.00  frontier 1.09/6.28  buffer  50000  std 0.256
iter  138  avg_reward  2586.01  eps  82  uu +0.99  frontier 1.09/6.28  buffer  50000  std 0.256
iter  139  avg_reward  2470.80  eps  88  uu +0.99  frontier 1.09/6.28  buffer  50000  std 0.256
iter  140  avg_reward  2453.68  eps  88  uu +1.00  frontier 1.09/6.28  buffer  50000  std 0.255
iter  141  avg_reward  2504.45  eps  83  uu +1.00  frontier 1.09/6.28  buffer  50000  std 0.254
iter  142  avg_reward  2548.77  eps  82  uu +1.00  frontier 1.09/6.28  buffer  50000  std 0.254
iter  143  avg_reward  2511.26  eps  89  uu +1.00  frontier 1.09/6.28  buffer  50000  std 0.253
iter  144  avg_reward  2478.12  eps  86  uu +0.99  frontier 1.09/6.28  buffer  50000  std 0.252
iter  145  avg_reward  2524.95  eps  83  uu +1.00  frontier 1.09/6.28  buffer  50000  std 0.251
iter  146  avg_reward  2593.63  eps  85  uu +1.00  frontier 1.09/6.28  buffer  50000  std 0.250
iter  147  avg_reward  2476.60  eps  89  uu +1.00  frontier 1.09/6.28  buffer  50000  std 0.250
iter  148  avg_reward  2534.99  eps  81  uu +1.00  frontier 1.09/6.28  buffer  50000  std 0.250
iter  149  avg_reward  2500.52  eps  85  uu +1.00  frontier 1.09/6.28  buffer  50000  std 0.250
iter  150  avg_reward  2535.62  eps  86  uu +1.00  frontier 1.09/6.28  buffer  50000  std 0.249
iter  151  avg_reward  2493.83  eps  86  uu +1.00  frontier 1.09/6.28  buffer  50000  std 0.248
iter  152  avg_reward  2457.00  eps  82  uu +1.00  frontier 1.09/6.28  buffer  50000  std 0.248
iter  153  avg_reward  2515.84  eps  91  uu +1.00  frontier 1.09/6.28  buffer  50000  std 0.248
iter  154  avg_reward  2490.22  eps  87  uu +1.00  frontier 1.09/6.28  buffer  50000  std 0.248
iter  155  avg_reward  2530.06  eps  83  uu +1.00  frontier 1.09/6.28  buffer  50000  std 0.247
iter  156  avg_reward  2493.31  eps  83  uu +1.00  frontier 1.09/6.28  buffer  50000  std 0.247
iter  157  avg_reward  2543.87  eps  89  uu +1.00  frontier 1.09/6.28  buffer  50000  std 0.247
iter  158  avg_reward  2462.10  eps  84  uu +1.00  frontier 1.09/6.28  buffer  50000  std 0.247
iter  159  avg_reward  2395.03  eps  86  uu +1.00  frontier 1.09/6.28  buffer  50000  std 0.247
iter  160  avg_reward  2306.06  eps  90  uu +1.00  frontier 1.09/6.28  buffer  50000  std 0.247
iter  161  avg_reward  2495.39  eps  92  uu +1.00  frontier 1.09/6.28  buffer  50000  std 0.247
iter  162  avg_reward  2472.74  eps  85  uu +1.00  frontier 1.09/6.28  buffer  50000  std 0.246
iter  163  avg_reward  2365.44  eps  88  uu +1.00  frontier 0.92/6.28  buffer  50000  std 0.245
iter  164  avg_reward  2505.96  eps  88  uu +1.00  frontier 0.92/6.28  buffer  50000  std 0.245
iter  165  avg_reward  2503.54  eps  89  uu +1.00  frontier 0.92/6.28  buffer  50000  std 0.245
iter  166  avg_reward  2436.08  eps  83  uu +1.00  frontier 0.92/6.28  buffer  50000  std 0.244
iter  167  avg_reward  2412.40  eps  85  uu +1.00  frontier 0.92/6.28  buffer  50000  std 0.243
iter  168  avg_reward  2440.54  eps  90  uu +1.00  frontier 0.92/6.28  buffer  50000  std 0.242
iter  169  avg_reward  2349.30  eps  92  uu +0.99  frontier 0.92/6.28  buffer  50000  std 0.242
iter  170  avg_reward  2539.05  eps  86  uu +1.00  frontier 0.92/6.28  buffer  50000  std 0.242
iter  171  avg_reward  2427.41  eps  86  uu +1.00  frontier 0.92/6.28  buffer  50000  std 0.241
iter  172  avg_reward  2552.02  eps  86  uu +1.00  frontier 0.92/6.28  buffer  50000  std 0.241
iter  173  avg_reward  2432.45  eps  83  uu +1.00  frontier 0.92/6.28  buffer  50000  std 0.240
iter  174  avg_reward  2340.25  eps  91  uu +0.99  frontier 0.92/6.28  buffer  50000  std 0.240
iter  175  avg_reward  2395.67  eps  89  uu +1.00  frontier 0.92/6.28  buffer  50000  std 0.240
iter  176  avg_reward  2517.51  eps  86  uu +1.00  frontier 0.83/6.28  buffer  50000  std 0.240
iter  177  avg_reward  2391.32  eps  89  uu +0.99  frontier 0.83/6.28  buffer  50000  std 0.240
iter  178  avg_reward  2385.36  eps  89  uu +0.99  frontier 0.83/6.28  buffer  50000  std 0.240
iter  179  avg_reward  2446.82  eps  89  uu +1.00  frontier 0.83/6.28  buffer  50000  std 0.239
iter  180  avg_reward  2404.54  eps  86  uu +1.00  frontier 0.83/6.28  buffer  50000  std 0.238
iter  181  avg_reward  2444.82  eps  86  uu +0.99  frontier 0.83/6.28  buffer  50000  std 0.238
iter  182  avg_reward  2467.36  eps  91  uu +1.00  frontier 0.83/6.28  buffer  50000  std 0.238
iter  183  avg_reward  2461.86  eps  87  uu +1.00  frontier 0.83/6.28  buffer  50000  std 0.237
iter  184  avg_reward  2525.73  eps  86  uu +1.00  frontier 0.83/6.28  buffer  50000  std 0.236
iter  185  avg_reward  2347.73  eps  84  uu +1.00  frontier 0.83/6.28  buffer  50000  std 0.237
iter  186  avg_reward  2455.00  eps  90  uu +1.00  frontier 0.83/6.28  buffer  50000  std 0.237
iter  187  avg_reward  2329.49  eps  95  uu +1.00  frontier 0.83/6.28  buffer  50000  std 0.236
iter  188  avg_reward  2406.54  eps  83  uu +0.99  frontier 0.78/6.28  buffer  50000  std 0.236
iter  189  avg_reward  2366.23  eps  92  uu +1.00  frontier 0.78/6.28  buffer  50000  std 0.236
iter  190  avg_reward  2467.77  eps  90  uu +1.00  frontier 0.78/6.28  buffer  50000  std 0.234
iter  191  avg_reward  2373.74  eps  88  uu +1.00  frontier 0.78/6.28  buffer  50000  std 0.234
iter  192  avg_reward  2404.52  eps  85  uu +1.00  frontier 0.78/6.28  buffer  50000  std 0.234
iter  193  avg_reward  2339.84  eps  96  uu +0.99  frontier 0.78/6.28  buffer  50000  std 0.234
iter  194  avg_reward  2364.17  eps  90  uu +1.00  frontier 0.78/6.28  buffer  50000  std 0.234
iter  195  avg_reward  2361.39  eps  86  uu +0.99  frontier 0.78/6.28  buffer  50000  std 0.234
iter  196  avg_reward  2352.95  eps  88  uu +1.00  frontier 0.78/6.28  buffer  50000  std 0.234
iter  197  avg_reward  2330.57  eps  95  uu +1.00  frontier 0.78/6.28  buffer  50000  std 0.234
iter  198  avg_reward  2317.93  eps  94  uu +1.00  frontier 0.78/6.28  buffer  50000  std 0.234
iter  199  avg_reward  2308.21  eps  87  uu +0.99  frontier 0.78/6.28  buffer  50000  std 0.234
iter  200  avg_reward  2432.16  eps  81  uu +1.00  frontier 0.78/6.28  buffer  50000  std 0.233
iter  201  avg_reward  2295.75  eps  98  uu +1.00  frontier 0.78/6.28  buffer  50000  std 0.233
iter  202  avg_reward  2394.37  eps  96  uu +1.00  frontier 0.78/6.28  buffer  50000  std 0.233
iter  203  avg_reward  2266.38  eps  87  uu +1.00  frontier 0.78/6.28  buffer  50000  std 0.233
iter  204  avg_reward  2383.81  eps  87  uu +1.00  frontier 0.78/6.28  buffer  50000  std 0.232
iter  205  avg_reward  2331.08  eps  98  uu +0.99  frontier 0.78/6.28  buffer  50000  std 0.232
iter  206  avg_reward  2180.41  eps  96  uu +1.00  frontier 0.78/6.28  buffer  50000  std 0.232
iter  207  avg_reward  2380.00  eps  82  uu +1.00  frontier 0.78/6.28  buffer  50000  std 0.232
iter  208  avg_reward  2267.01  eps  97  uu +1.00  frontier 0.78/6.28  buffer  50000  std 0.232
iter  209  avg_reward  2335.52  eps  96  uu +1.00  frontier 0.78/6.28  buffer  50000  std 0.231
iter  210  avg_reward  2420.74  eps  88  uu +1.00  frontier 0.78/6.28  buffer  50000  std 0.231
iter  211  avg_reward  2299.48  eps  80  uu +1.00  frontier 0.78/6.28  buffer  50000  std 0.231
iter  212  avg_reward  2305.61  eps 105  uu +1.00  frontier 0.78/6.28  buffer  50000  std 0.231
iter  213  avg_reward  2268.64  eps  85  uu +1.00  frontier 0.78/6.28  buffer  50000  std 0.231
iter  214  avg_reward  2272.62  eps  93  uu +0.99  frontier 0.78/6.28  buffer  50000  std 0.231
iter  215  avg_reward  2298.17  eps  93  uu +1.00  frontier 0.78/6.28  buffer  50000  std 0.230
iter  216  avg_reward  2084.20  eps 106  uu +1.00  frontier 0.78/6.28  buffer  50000  std 0.230
iter  217  avg_reward  2157.83  eps  92  uu +1.00  frontier 0.78/6.28  buffer  50000  std 0.229
iter  218  avg_reward  2338.80  eps  91  uu +1.00  frontier 0.78/6.28  buffer  50000  std 0.229
iter  219  avg_reward  2273.92  eps  93  uu +1.00  frontier 0.78/6.28  buffer  50000  std 0.229
iter  220  avg_reward  2031.84  eps 103  uu +1.00  frontier 0.73/6.28  buffer  50000  std 0.228
iter  221  avg_reward  2145.15  eps  95  uu +1.00  frontier 0.71/6.28  buffer  50000  std 0.228
iter  222  avg_reward  1567.20  eps 137  uu +1.00  frontier 0.71/6.28  buffer  50000  std 0.228
iter  223  avg_reward   671.17  eps 355  uu +0.99  frontier 0.68/6.28  buffer  50000  std 0.228
iter  224  avg_reward   517.77  eps 412  uu +0.98  frontier 0.68/6.28  buffer  50000  std 0.228
iter  225  avg_reward   424.44  eps 482  uu +0.98  frontier 0.68/6.28  buffer  50000  std 0.228
iter  226  avg_reward   393.14  eps 509  uu +0.98  frontier 0.68/6.28  buffer  50000  std 0.228
iter  227  avg_reward   382.49  eps 537  uu +0.97  frontier 0.68/6.28  buffer  50000  std 0.228
iter  228  avg_reward   347.42  eps 573  uu +0.98  frontier 0.80/6.28  buffer  50000  std 0.227
iter  229  avg_reward   339.33  eps 594  uu +0.97  frontier 0.80/6.28  buffer  50000  std 0.227
iter  230  avg_reward   323.96  eps 610  uu +0.97  frontier 0.80/6.28  buffer  50000  std 0.227
iter  231  avg_reward   318.57  eps 630  uu +0.96  frontier 2.35/6.28  buffer  50000  std 0.227
iter  232  avg_reward   312.49  eps 627  uu +0.97  frontier 2.35/6.28  buffer  50000  std 0.227
iter  233  avg_reward   338.98  eps 593  uu +0.98  frontier 2.35/6.28  buffer  50000  std 0.227
iter  234  avg_reward   347.55  eps 579  uu +0.98  frontier 2.35/6.28  buffer  50000  std 0.227
iter  235  avg_reward   344.13  eps 572  uu +0.97  frontier 2.35/6.28  buffer  50000  std 0.226
iter  236  avg_reward   333.70  eps 608  uu +0.98  frontier 2.35/6.28  buffer  50000  std 0.226
iter  237  avg_reward   342.99  eps 580  uu +0.98  frontier 2.35/6.28  buffer  50000  std 0.226
iter  238  avg_reward   349.75  eps 578  uu +0.98  frontier 2.35/6.28  buffer  50000  std 0.225
iter  239  avg_reward   346.32  eps 577  uu +0.97  frontier 2.35/6.28  buffer  50000  std 0.225
iter  240  avg_reward   394.81  eps 508  uu +0.97  frontier 2.35/6.28  buffer  50000  std 0.225
iter  241  avg_reward   406.68  eps 497  uu +0.97  frontier 2.35/6.28  buffer  50000  std 0.225
iter  242  avg_reward   370.99  eps 529  uu +0.97  frontier 2.35/6.28  buffer  50000  std 0.225
iter  243  avg_reward   410.19  eps 495  uu +0.98  frontier 0.78/6.28  buffer  50000  std 0.225
iter  244  avg_reward   399.50  eps 504  uu +0.99  frontier 0.78/6.28  buffer  50000  std 0.224
iter  245  avg_reward   421.45  eps 484  uu +0.98  frontier 0.78/6.28  buffer  50000  std 0.224
iter  246  avg_reward   425.97  eps 470  uu +0.97  frontier 0.78/6.28  buffer  50000  std 0.223
iter  247  avg_reward   360.65  eps 571  uu +0.98  frontier 0.78/6.28  buffer  50000  std 0.223
iter  248  avg_reward   287.84  eps 694  uu +0.96  frontier 0.78/6.28  buffer  50000  std 0.223
iter  249  avg_reward   269.00  eps 750  uu +0.96  frontier 0.78/6.28  buffer  50000  std 0.223
iter  250  avg_reward   250.64  eps 769  uu +0.94  frontier 0.78/6.28  buffer  50000  std 0.223
iter  251  avg_reward   242.15  eps 801  uu +0.92  frontier 0.80/6.28  buffer  50000  std 0.223
iter  252  avg_reward   230.91  eps 835  uu +0.93  frontier 0.83/6.28  buffer  50000  std 0.223
iter  253  avg_reward   231.62  eps 819  uu +0.91  frontier 0.83/6.28  buffer  50000  std 0.223
iter  254  avg_reward   235.94  eps 811  uu +0.90  frontier 0.83/6.28  buffer  50000  std 0.223
iter  255  avg_reward   232.32  eps 825  uu +0.92  frontier 2.05/6.28  buffer  50000  std 0.223
iter  256  avg_reward   231.15  eps 829  uu +0.91  frontier 2.05/6.28  buffer  50000  std 0.223
iter  257  avg_reward   229.46  eps 845  uu +0.94  frontier 2.05/6.28  buffer  50000  std 0.222
iter  258  avg_reward   231.56  eps 825  uu +0.92  frontier 2.05/6.28  buffer  50000  std 0.221
iter  259  avg_reward   229.32  eps 851  uu +0.93  frontier 2.74/6.28  buffer  50000  std 0.221
iter  260  avg_reward   228.51  eps 834  uu +0.92  frontier 2.74/6.28  buffer  50000  std 0.220
iter  261  avg_reward   235.85  eps 812  uu +0.91  frontier 2.74/6.28  buffer  50000  std 0.219
iter  262  avg_reward   234.31  eps 819  uu +0.91  frontier 2.74/6.28  buffer  50000  std 0.219
iter  263  avg_reward   235.72  eps 814  uu +0.92  frontier 2.74/6.28  buffer  50000  std 0.219
iter  264  avg_reward   235.19  eps 820  uu +0.91  frontier 2.74/6.28  buffer  50000  std 0.218
iter  265  avg_reward   240.65  eps 796  uu +0.92  frontier 2.74/6.28  buffer  50000  std 0.218
iter  266  avg_reward   238.15  eps 811  uu +0.94  frontier 2.74/6.28  buffer  50000  std 0.218
iter  267  avg_reward   243.43  eps 800  uu +0.92  frontier 2.74/6.28  buffer  50000  std 0.217
iter  268  avg_reward   245.37  eps 788  uu +0.93  frontier 2.74/6.28  buffer  50000  std 0.216
iter  269  avg_reward   248.03  eps 793  uu +0.94  frontier 2.74/6.28  buffer  50000  std 0.215
iter  270  avg_reward   249.72  eps 786  uu +0.95  frontier 2.74/6.28  buffer  50000  std 0.215
iter  271  avg_reward   247.74  eps 783  uu +0.92  frontier 2.74/6.28  buffer  50000  std 0.215
iter  272  avg_reward   257.84  eps 756  uu +0.93  frontier 2.74/6.28  buffer  50000  std 0.214
iter  273  avg_reward   253.76  eps 783  uu +0.96  frontier 2.74/6.28  buffer  50000  std 0.213
iter  274  avg_reward   251.77  eps 775  uu +0.93  frontier 2.74/6.28  buffer  50000  std 0.212
iter  275  avg_reward   252.83  eps 767  uu +0.92  frontier 4.56/6.28  buffer  50000  std 0.211
iter  276  avg_reward   252.56  eps 770  uu +0.94  frontier 4.56/6.28  buffer  50000  std 0.211
iter  277  avg_reward   245.57  eps 810  uu +0.95  frontier 4.56/6.28  buffer  50000  std 0.210
iter  278  avg_reward   238.95  eps 820  uu +0.94  frontier 4.56/6.28  buffer  50000  std 0.209
iter  279  avg_reward   241.97  eps 805  uu +0.94  frontier 4.56/6.28  buffer  50000  std 0.209
iter  280  avg_reward   236.77  eps 823  uu +0.93  frontier 4.56/6.28  buffer  50000  std 0.208
iter  281  avg_reward   245.84  eps 802  uu +0.93  frontier 4.56/6.28  buffer  50000  std 0.207
iter  282  avg_reward   239.28  eps 806  uu +0.92  frontier 4.56/6.28  buffer  50000  std 0.205
iter  283  avg_reward   244.18  eps 810  uu +0.95  frontier 4.56/6.28  buffer  50000  std 0.204
iter  284  avg_reward   245.98  eps 799  uu +0.95  frontier 4.56/6.28  buffer  50000  std 0.203
iter  285  avg_reward   240.66  eps 823  uu +0.94  frontier 4.56/6.28  buffer  50000  std 0.202
iter  286  avg_reward   236.63  eps 831  uu +0.95  frontier 4.56/6.28  buffer  50000  std 0.202
iter  287  avg_reward   249.98  eps 800  uu +0.95  frontier 4.56/6.28  buffer  50000  std 0.200
iter  288  avg_reward   236.55  eps 822  uu +0.94  frontier 4.56/6.28  buffer  50000  std 0.200
iter  289  avg_reward   250.37  eps 778  uu +0.93  frontier 4.56/6.28  buffer  50000  std 0.199
iter  290  avg_reward   232.22  eps 847  uu +0.94  frontier 4.56/6.28  buffer  50000  std 0.199
iter  291  avg_reward   240.82  eps 814  uu +0.94  frontier 4.56/6.28  buffer  50000  std 0.199
iter  292  avg_reward   236.49  eps 825  uu +0.93  frontier 4.56/6.28  buffer  50000  std 0.199
iter  293  avg_reward   235.00  eps 827  uu +0.93  frontier 4.56/6.28  buffer  50000  std 0.198
iter  294  avg_reward   240.55  eps 823  uu +0.94  frontier 4.56/6.28  buffer  50000  std 0.198
iter  295  avg_reward   238.53  eps 830  uu +0.95  frontier 4.56/6.28  buffer  50000  std 0.199
iter  296  avg_reward   244.61  eps 802  uu +0.94  frontier 4.56/6.28  buffer  50000  std 0.199
iter  297  avg_reward   247.36  eps 802  uu +0.94  frontier 4.56/6.28  buffer  50000  std 0.198
iter  298  avg_reward   243.23  eps 819  uu +0.96  frontier 4.56/6.28  buffer  50000  std 0.197
iter  299  avg_reward   245.18  eps 810  uu +0.96  frontier 4.56/6.28  buffer  50000  std 0.197
iter  300  avg_reward   242.28  eps 808  uu +0.93  frontier 4.56/6.28  buffer  50000  std 0.197
iter  301  avg_reward   241.04  eps 809  uu +0.93  frontier 4.56/6.28  buffer  50000  std 0.196
iter  302  avg_reward   244.80  eps 797  uu +0.94  frontier 4.56/6.28  buffer  50000  std 0.196
iter  303  avg_reward   248.75  eps 801  uu +0.94  frontier 4.56/6.28  buffer  50000  std 0.194
iter  304  avg_reward   247.70  eps 797  uu +0.95  frontier 4.56/6.28  buffer  50000  std 0.194
iter  305  avg_reward   242.65  eps 815  uu +0.94  frontier 4.08/6.28  buffer  50000  std 0.194
iter  306  avg_reward   236.57  eps 829  uu +0.95  frontier 4.08/6.28  buffer  50000  std 0.194
iter  307  avg_reward   248.62  eps 806  uu +0.95  frontier 4.08/6.28  buffer  50000  std 0.193
iter  308  avg_reward   249.85  eps 790  uu +0.95  frontier 4.08/6.28  buffer  50000  std 0.193
iter  309  avg_reward   251.55  eps 797  uu +0.96  frontier 4.08/6.28  buffer  50000  std 0.193
iter  310  avg_reward   243.42  eps 811  uu +0.95  frontier 4.08/6.28  buffer  50000  std 0.192
iter  311  avg_reward   237.56  eps 833  uu +0.95  frontier 3.03/6.28  buffer  50000  std 0.191
iter  312  avg_reward   245.39  eps 799  uu +0.94  frontier 3.03/6.28  buffer  50000  std 0.191
iter  313  avg_reward   239.77  eps 823  uu +0.94  frontier 3.03/6.28  buffer  50000  std 0.191
iter  314  avg_reward   245.10  eps 801  uu +0.95  frontier 3.03/6.28  buffer  50000  std 0.191
iter  315  avg_reward   245.05  eps 810  uu +0.95  frontier 3.03/6.28  buffer  50000  std 0.190
iter  316  avg_reward   249.36  eps 802  uu +0.96  frontier 3.03/6.28  buffer  50000  std 0.190
iter  317  avg_reward   245.65  eps 802  uu +0.94  frontier 3.03/6.28  buffer  50000  std 0.189
iter  318  avg_reward   251.12  eps 794  uu +0.96  frontier 3.03/6.28  buffer  50000  std 0.189
iter  319  avg_reward   254.96  eps 777  uu +0.96  frontier 3.03/6.28  buffer  50000  std 0.188
iter  320  avg_reward   252.84  eps 789  uu +0.96  frontier 3.03/6.28  buffer  50000  std 0.188
iter  321  avg_reward   246.26  eps 814  uu +0.95  frontier 3.03/6.28  buffer  50000  std 0.187
iter  322  avg_reward   251.09  eps 787  uu +0.95  frontier 3.03/6.28  buffer  50000  std 0.187
iter  323  avg_reward   248.59  eps 810  uu +0.97  frontier 2.32/6.28  buffer  50000  std 0.187
iter  324  avg_reward   245.91  eps 800  uu +0.96  frontier 2.32/6.28  buffer  50000  std 0.187
iter  325  avg_reward   259.66  eps 760  uu +0.95  frontier 2.32/6.28  buffer  50000  std 0.186
iter  326  avg_reward   256.08  eps 780  uu +0.96  frontier 2.32/6.28  buffer  50000  std 0.186
iter  327  avg_reward   267.54  eps 756  uu +0.98  frontier 2.11/6.28  buffer  50000  std 0.186
iter  328  avg_reward   268.72  eps 753  uu +0.96  frontier 2.11/6.28  buffer  50000  std 0.186
iter  329  avg_reward   266.97  eps 748  uu +0.96  frontier 2.11/6.28  buffer  50000  std 0.185
iter  330  avg_reward   271.67  eps 729  uu +0.96  frontier 2.11/6.28  buffer  50000  std 0.185
iter  331  avg_reward   268.74  eps 757  uu +0.96  frontier 2.11/6.28  buffer  50000  std 0.184
iter  332  avg_reward   266.32  eps 745  uu +0.96  frontier 0.98/6.28  buffer  50000  std 0.184
iter  333  avg_reward   264.82  eps 762  uu +0.97  frontier 0.95/6.28  buffer  50000  std 0.184
iter  334  avg_reward   269.98  eps 749  uu +0.97  frontier 0.95/6.28  buffer  50000  std 0.183
iter  335  avg_reward   264.48  eps 752  uu +0.95  frontier 0.95/6.28  buffer  50000  std 0.183
iter  336  avg_reward   262.31  eps 763  uu +0.96  frontier 0.95/6.28  buffer  50000  std 0.183
iter  337  avg_reward   264.67  eps 763  uu +0.97  frontier 0.86/6.28  buffer  50000  std 0.183
iter  338  avg_reward   270.10  eps 744  uu +0.97  frontier 0.85/6.28  buffer  50000  std 0.183
iter  339  avg_reward   278.62  eps 721  uu +0.97  frontier 0.85/6.28  buffer  50000  std 0.183
iter  340  avg_reward   276.93  eps 720  uu +0.97  frontier 0.89/6.28  buffer  50000  std 0.183
iter  341  avg_reward   273.82  eps 749  uu +0.98  frontier 0.89/6.28  buffer  50000  std 0.183
iter  342  avg_reward   262.02  eps 760  uu +0.96  frontier 0.89/6.28  buffer  50000  std 0.183
iter  343  avg_reward   279.19  eps 721  uu +0.97  frontier 0.89/6.28  buffer  50000  std 0.183
iter  344  avg_reward   291.22  eps 694  uu +0.97  frontier 0.93/6.28  buffer  50000  std 0.183
iter  345  avg_reward   273.77  eps 740  uu +0.97  frontier 0.93/6.28  buffer  50000  std 0.183
iter  346  avg_reward   267.28  eps 748  uu +0.97  frontier 0.93/6.28  buffer  50000  std 0.182
iter  347  avg_reward   285.74  eps 717  uu +0.97  frontier 0.93/6.28  buffer  50000  std 0.182
iter  348  avg_reward   281.21  eps 718  uu +0.98  frontier 0.93/6.28  buffer  50000  std 0.181
iter  349  avg_reward   273.48  eps 739  uu +0.97  frontier 0.93/6.28  buffer  50000  std 0.181
iter  350  avg_reward   280.92  eps 723  uu +0.97  frontier 0.93/6.28  buffer  50000  std 0.181
iter  351  avg_reward   280.91  eps 711  uu +0.97  frontier 0.93/6.28  buffer  50000  std 0.181
iter  352  avg_reward   286.92  eps 709  uu +0.97  frontier 0.93/6.28  buffer  50000  std 0.181
iter  353  avg_reward   290.53  eps 696  uu +0.98  frontier 0.93/6.28  buffer  50000  std 0.181
iter  354  avg_reward   283.44  eps 716  uu +0.98  frontier 0.93/6.28  buffer  50000  std 0.181
iter  355  avg_reward   288.65  eps 708  uu +0.98  frontier 0.93/6.28  buffer  50000  std 0.181
iter  356  avg_reward   295.04  eps 686  uu +0.98  frontier 0.93/6.28  buffer  50000  std 0.180
iter  357  avg_reward   293.91  eps 687  uu +0.98  frontier 0.93/6.28  buffer  50000  std 0.180
iter  358  avg_reward   298.77  eps 677  uu +0.97  frontier 0.81/6.28  buffer  50000  std 0.180
iter  359  avg_reward   294.97  eps 699  uu +0.99  frontier 0.81/6.28  buffer  50000  std 0.180
iter  360  avg_reward   296.52  eps 676  uu +0.98  frontier 0.81/6.28  buffer  50000  std 0.180
iter  361  avg_reward   287.28  eps 704  uu +0.97  frontier 0.81/6.28  buffer  50000  std 0.180
iter  362  avg_reward   293.44  eps 691  uu +0.98  frontier 0.81/6.28  buffer  50000  std 0.179
iter  363  avg_reward   302.36  eps 673  uu +0.98  frontier 0.81/6.28  buffer  50000  std 0.179
iter  364  avg_reward   287.05  eps 705  uu +0.96  frontier 0.81/6.28  buffer  50000  std 0.179
iter  365  avg_reward   281.98  eps 712  uu +0.97  frontier 0.81/6.28  buffer  50000  std 0.179
iter  366  avg_reward   299.76  eps 667  uu +0.97  frontier 0.73/6.28  buffer  50000  std 0.179
iter  367  avg_reward   288.78  eps 712  uu +0.98  frontier 0.73/6.28  buffer  50000  std 0.178
iter  368  avg_reward   287.53  eps 706  uu +0.98  frontier 0.73/6.28  buffer  50000  std 0.178
iter  369  avg_reward   300.56  eps 665  uu +0.98  frontier 0.73/6.28  buffer  50000  std 0.178
iter  370  avg_reward   298.55  eps 686  uu +0.97  frontier 0.73/6.28  buffer  50000  std 0.178
iter  371  avg_reward   291.87  eps 685  uu +0.97  frontier 0.76/6.28  buffer  50000  std 0.178
iter  372  avg_reward   300.10  eps 679  uu +0.98  frontier 0.76/6.28  buffer  50000  std 0.177
iter  373  avg_reward   311.06  eps 651  uu +0.97  frontier 0.76/6.28  buffer  50000  std 0.177
iter  374  avg_reward   312.05  eps 659  uu +0.98  frontier 2.82/6.28  buffer  50000  std 0.177
iter  375  avg_reward   310.23  eps 645  uu +0.97  frontier 2.82/6.28  buffer  50000  std 0.177
iter  376  avg_reward   310.37  eps 648  uu +0.97  frontier 2.82/6.28  buffer  50000  std 0.176
iter  377  avg_reward   309.41  eps 669  uu +0.98  frontier 2.82/6.28  buffer  50000  std 0.176
iter  378  avg_reward   311.78  eps 644  uu +0.98  frontier 2.82/6.28  buffer  50000  std 0.176
iter  379  avg_reward   309.70  eps 659  uu +0.98  frontier 2.82/6.28  buffer  50000  std 0.175
iter  380  avg_reward   314.69  eps 644  uu +0.98  frontier 2.82/6.28  buffer  50000  std 0.175
iter  381  avg_reward   321.90  eps 638  uu +0.98  frontier 2.82/6.28  buffer  50000  std 0.175
iter  382  avg_reward   322.26  eps 629  uu +0.98  frontier 2.82/6.28  buffer  50000  std 0.175
iter  383  avg_reward   315.37  eps 647  uu +0.98  frontier 2.82/6.28  buffer  50000  std 0.175
iter  384  avg_reward   323.17  eps 631  uu +0.98  frontier 2.82/6.28  buffer  50000  std 0.175
iter  385  avg_reward   312.96  eps 653  uu +0.98  frontier 2.82/6.28  buffer  50000  std 0.175
iter  386  avg_reward   324.84  eps 625  uu +0.98  frontier 0.71/6.28  buffer  50000  std 0.175
iter  387  avg_reward   309.45  eps 664  uu +0.98  frontier 0.71/6.28  buffer  50000  std 0.175
iter  388  avg_reward   320.35  eps 628  uu +0.99  frontier 0.71/6.28  buffer  50000  std 0.175
